3
1
1
1
1
8
8
1
1
1
3
8
1
1
8
1
1
1
1
1
3
8
1
6
3
3
3
3
3
3
3
4
8
6
4
8
4
8
4
8
4
8
4
4
4
4
4
4
8
8
4
5
5
5
5
8
8
8
8
5
5
8
5
5
3
5
6
6
6
8
6
6
6
6
6
8
6
6
7
7
7
7
7
7
9
10
1
7
7
10
7
7
8
8
3
8
8
8
8
3
8
3
8
8
8
8
8
8
8
8
8
8
8
8
4
8
9
7
7
7
9
9
8
9
5
9
9
9
9
9
9
9
10
10
10
10
10
7
10
5
8
1
1
7
3
1
6
1
1
1
1
1
3
3
8
3
8
1
1
8
3
8
4
4
4
4
8
4
8
4
4
4
4
4
4
5
5
5
5
5
5
5
5
5
8
5
5
5
8
8
5
6
6
6
6
6
6
6
8
6
8
6
6
6
7
7
7
9
7
7
8
7
7
7
10
10
7
8
8
8
8
8
4
8
4
4
4
4
4
8
8
8
10
7
8
8
9
10
10
9
8
9
8
9
9
10
10
10
10
8
10
10
10
10
5
10
7
10
1
7
9
8
10
9
